data = {
    ParticleLifetime = {
        {0},
        {1.5}
    },
    additive = false,
    OverLifeSpeed = {
        {
            0,
            0.21138357608876
        },
        {
            19.434878866609,
            0
        }
    },
    texturePath = 'particles/sphere.png',
    EmissionFrequency = {
        {
            0,
            0.089361698069471,
            0.11000000162328,
            0.98923702361397
        },
        {
            294,
            294.00001525879,
            0,
            5.7682568788872
        }
    },
    OverLifeSize = {
        {
            0,
            0.2,
            0.5
        },
        {
            0,
            2,
            0
        }
    }
}